0 info it worked if it ends with ok
1 verbose cli [ 'node',
1 verbose cli   '/usr/local/bin/npm',
1 verbose cli   'version',
1 verbose cli   'patch',
1 verbose cli   '-m',
1 verbose cli   'Fixed exports for server-side usage. Fixed emulatedDocument and have it automatically used on the server-side.' ]
2 info using npm@1.2.18
3 info using node@v0.8.4
4 silly exec git "status" "--porcelain"
5 silly git,status,--porcelain, spawning
6 error Error: Git working directory not clean.
6 error M  component.json
6 error M  creatable.coffee
6 error M  creatable.js
6 error A  node_modules/.bin/_mocha
6 error A  node_modules/.bin/mocha
6 error A  node_modules/chai/.npmignore
6 error A  node_modules/chai/History.md
6 error A  node_modules/chai/README.md
6 error A  node_modules/chai/ReleaseNotes.md
6 error A  node_modules/chai/chai.js
6 error A  node_modules/chai/index.js
6 error A  node_modules/chai/lib/chai.js
6 error A  node_modules/chai/lib/chai/assertion.js
6 error A  node_modules/chai/lib/chai/core/assertions.js
6 error A  node_modules/chai/lib/chai/error.js
6 error A  node_modules/chai/lib/chai/interface/assert.js
6 error A  node_modules/chai/lib/chai/interface/expect.js
6 error A  node_modules/chai/lib/chai/interface/should.js
6 error A  node_modules/chai/lib/chai/utils/addChainableMethod.js
6 error A  node_modules/chai/lib/chai/utils/addMethod.js
6 error A  node_modules/chai/lib/chai/utils/addProperty.js
6 error A  node_modules/chai/lib/chai/utils/eql.js
6 error A  node_modules/chai/lib/chai/utils/flag.js
6 error A  node_modules/chai/lib/chai/utils/getActual.js
6 error A  node_modules/chai/lib/chai/utils/getEnumerableProperties.js
6 error A  node_modules/chai/lib/chai/utils/getMessage.js
6 error A  node_modules/chai/lib/chai/utils/getName.js
6 error A  node_modules/chai/lib/chai/utils/getPathValue.js
6 error A  node_modules/chai/lib/chai/utils/getProperties.js
6 error A  node_modules/chai/lib/chai/utils/index.js
6 error A  node_modules/chai/lib/chai/utils/inspect.js
6 error A  node_modules/chai/lib/chai/utils/objDisplay.js
6 error A  node_modules/chai/lib/chai/utils/overwriteMethod.js
6 error A  node_modules/chai/lib/chai/utils/overwriteProperty.js
6 error A  node_modules/chai/lib/chai/utils/test.js
6 error A  node_modules/chai/lib/chai/utils/transferFlags.js
6 error A  node_modules/chai/lib/chai/utils/type.js
6 error A  node_modules/chai/package.json
6 error A  node_modules/mocha/.npmignore
6 error A  node_modules/mocha/.travis.yml
6 error A  node_modules/mocha/History.md
6 error A  node_modules/mocha/LICENSE
6 error A  node_modules/mocha/Makefile
6 error A  node_modules/mocha/Readme.md
6 error A  node_modules/mocha/bin/_mocha
6 error A  node_modules/mocha/bin/mocha
6 error A  node_modules/mocha/component.json
6 error A  node_modules/mocha/images/error.png
6 error A  node_modules/mocha/images/ok.png
6 error A  node_modules/mocha/index.js
6 error A  node_modules/mocha/lib/browser/debug.js
6 error A  node_modules/mocha/lib/browser/diff.js
6 error A  node_modules/mocha/lib/browser/events.js
6 error A  node_modules/mocha/lib/browser/fs.js
6 error A  node_modules/mocha/lib/browser/path.js
6 error A  node_modules/mocha/lib/browser/progress.js
6 error A  node_modules/mocha/lib/browser/tty.js
6 error A  node_modules/mocha/lib/context.js
6 error A  node_modules/mocha/lib/hook.js
6 error A  node_modules/mocha/lib/interfaces/bdd.js
6 error A  node_modules/mocha/lib/interfaces/exports.js
6 error A  node_modules/mocha/lib/interfaces/index.js
6 error A  node_modules/mocha/lib/interfaces/qunit.js
6 error A  node_modules/mocha/lib/interfaces/tdd.js
6 error A  node_modules/mocha/lib/mocha.js
6 error A  node_modules/mocha/lib/ms.js
6 error A  node_modules/mocha/lib/reporters/base.js
6 error A  node_modules/mocha/lib/reporters/doc.js
6 error A  node_modules/mocha/lib/reporters/dot.js
6 error A  node_modules/mocha/lib/reporters/html-cov.js
6 error A  node_modules/mocha/lib/reporters/html.js
6 error A  node_modules/mocha/lib/reporters/index.js
6 error A  node_modules/mocha/lib/reporters/json-cov.js
6 error A  node_modules/mocha/lib/reporters/json-stream.js
6 error A  node_modules/mocha/lib/reporters/json.js
6 error A  node_modules/mocha/lib/reporters/landing.js
6 error A  node_modules/mocha/lib/reporters/list.js
6 error A  node_modules/mocha/lib/reporters/markdown.js
6 error A  node_modules/mocha/lib/reporters/min.js
6 error A  node_modules/mocha/lib/reporters/nyan.js
6 error A  node_modules/mocha/lib/reporters/progress.js
6 error A  node_modules/mocha/lib/reporters/spec.js
6 error A  node_modules/mocha/lib/reporters/tap.js
6 error A  node_modules/mocha/lib/reporters/teamcity.js
6 error A  node_modules/mocha/lib/reporters/templates/coverage.jade
6 error A  node_modules/mocha/lib/reporters/templates/menu.jade
6 error A  node_modules/mocha/lib/reporters/templates/script.html
6 error A  node_modules/mocha/lib/reporters/templates/style.html
6 error A  node_modules/mocha/lib/reporters/xunit.js
6 error A  node_modules/mocha/lib/runnable.js
6 error A  node_modules/mocha/lib/runner.js
6 error A  node_modules/mocha/lib/suite.js
6 error A  node_modules/mocha/lib/template.html
6 error A  node_modules/mocha/lib/test.js
6 error A  node_modules/mocha/lib/utils.js
6 error A  node_modules/mocha/mocha.css
6 error A  node_modules/mocha/mocha.js
6 error A  node_modules/mocha/node_modules/.bin/jade
6 error A  node_modules/mocha/node_modules/commander/.npmignore
6 error A  node_modules/mocha/node_modules/commander/.travis.yml
6 error A  node_modules/mocha/node_modules/commander/History.md
6 error A  node_modules/mocha/node_modules/commander/Makefile
6 error A  node_modules/mocha/node_modules/commander/Readme.md
6 error A  node_modules/mocha/node_modules/commander/index.js
6 error A  node_modules/mocha/node_modules/commander/lib/commander.js
6 error A  node_modules/mocha/node_modules/commander/package.json
6 error A  node_modules/mocha/node_modules/debug/.npmignore
6 error A  node_modules/mocha/node_modules/debug/History.md
6 error A  node_modules/mocha/node_modules/debug/Readme.md
6 error A  node_modules/mocha/node_modules/debug/component.json
6 error A  node_modules/mocha/node_modules/debug/debug.js
6 error A  node_modules/mocha/node_modules/debug/example/app.js
6 error A  node_modules/mocha/node_modules/debug/example/browser.html
6 error A  node_modules/mocha/node_modules/debug/example/wildcards.js
6 error A  node_modules/mocha/node_modules/debug/example/worker.js
6 error A  node_modules/mocha/node_modules/debug/index.js
6 error A  node_modules/mocha/node_modules/debug/lib/debug.js
6 error A  node_modules/mocha/node_modules/debug/package.json
6 error A  node_modules/mocha/node_modules/diff/LICENSE
6 error A  node_modules/mocha/node_modules/diff/README.md
6 error A  node_modules/mocha/node_modules/diff/diff.js
6 error A  node_modules/mocha/node_modules/diff/index.html
6 error A  node_modules/mocha/node_modules/diff/package.json
6 error A  node_modules/mocha/node_modules/diff/style.css
6 error A  node_modules/mocha/node_modules/diff/test/diffTest.js
6 error A  node_modules/mocha/node_modules/growl/History.md
6 error A  node_modules/mocha/node_modules/growl/Readme.md
6 error A  node_modules/mocha/node_modules/growl/lib/growl.js
6 error A  node_modules/mocha/node_modules/growl/package.json
6 error A  node_modules/mocha/node_modules/growl/test.js
6 error A  node_modules/mocha/node_modules/jade/.npmignore
6 error A  node_modules/mocha/node_modules/jade/LICENSE
6 error A  node_modules/mocha/node_modules/jade/bin/jade
6 error A  node_modules/mocha/node_modules/jade/index.js
6 error A  node_modules/mocha/node_modules/jade/jade.js
6 error A  node_modules/mocha/node_modules/jade/jade.md
6 error A  node_modules/mocha/node_modules/jade/jade.min.js
6 error A  node_modules/mocha/node_modules/jade/lib/compiler.js
6 error A  node_modules/mocha/node_modules/jade/lib/doctypes.js
6 error A  node_modules/mocha/node_modules/jade/lib/filters.js
6 error A  node_modules/mocha/node_modules/jade/lib/inline-tags.js
6 error A  node_modules/mocha/node_modules/jade/lib/jade.js
6 error A  node_modules/mocha/node_modules/jade/lib/lexer.js
6 error A  node_modules/mocha/node_modules/jade/lib/nodes/attrs.js
6 error A  node_modules/mocha/node_modules/jade/lib/nodes/block-comment.js
6 error A  node_modules/mocha/node_modules/jade/lib/nodes/block.js
6 error A  node_modules/mocha/node_modules/jade/lib/nodes/case.js
6 error A  node_modules/mocha/node_modules/jade/lib/nodes/code.js
6 error A  node_modules/mocha/node_modules/jade/lib/nodes/comment.js
6 error A  node_modules/mocha/node_modules/jade/lib/nodes/doctype.js
6 error A  node_modules/mocha/node_modules/jade/lib/nodes/each.js
6 error A  node_modules/mocha/node_modules/jade/lib/nodes/filter.js
6 error A  node_modules/mocha/node_modules/jade/lib/nodes/index.js
6 error A  node_modules/mocha/node_modules/jade/lib/nodes/literal.js
6 error A  node_modules/mocha/node_modules/jade/lib/nodes/mixin.js
6 error A  node_modules/mocha/node_modules/jade/lib/nodes/node.js
6 error A  node_modules/mocha/node_modules/jade/lib/nodes/tag.js
6 error A  node_modules/mocha/node_modules/jade/lib/nodes/text.js
6 error A  node_modules/mocha/node_modules/jade/lib/parser.js
6 error A  node_modules/mocha/node_modules/jade/lib/runtime.js
6 error A  node_modules/mocha/node_modules/jade/lib/self-closing.js
6 error A  node_modules/mocha/node_modules/jade/lib/utils.js
6 error A  node_modules/mocha/node_modules/jade/node_modules/mkdirp/.gitignore.orig
6 error A  node_modules/mocha/node_modules/jade/node_modules/mkdirp/.gitignore.rej
6 error A  node_modules/mocha/node_modules/jade/node_modules/mkdirp/.npmignore
6 error A  node_modules/mocha/node_modules/jade/node_modules/mkdirp/LICENSE
6 error A  node_modules/mocha/node_modules/jade/node_modules/mkdirp/README.markdown
6 error A  node_modules/mocha/node_modules/jade/node_modules/mkdirp/examples/pow.js
6 error A  node_modules/mocha/node_modules/jade/node_modules/mkdirp/examples/pow.js.orig
6 error A  node_modules/mocha/node_modules/jade/node_modules/mkdirp/examples/pow.js.rej
6 error A  node_modules/mocha/node_modules/jade/node_modules/mkdirp/index.js
6 error A  node_modules/mocha/node_modules/jade/node_modules/mkdirp/package.json
6 error A  node_modules/mocha/node_modules/jade/node_modules/mkdirp/test/chmod.js
6 error A  node_modules/mocha/node_modules/jade/node_modules/mkdirp/test/clobber.js
6 error A  node_modules/mocha/node_modules/jade/node_modules/mkdirp/test/mkdirp.js
6 error A  node_modules/mocha/node_modules/jade/node_modules/mkdirp/test/perm.js
6 error A  node_modules/mocha/node_modules/jade/node_modules/mkdirp/test/perm_sync.js
6 error A  node_modules/mocha/node_modules/jade/node_modules/mkdirp/test/race.js
6 error A  node_modules/mocha/node_modules/jade/node_modules/mkdirp/test/rel.js
6 error A  node_modules/mocha/node_modules/jade/node_modules/mkdirp/test/sync.js
6 error A  node_modules/mocha/node_modules/jade/node_modules/mkdirp/test/umask.js
6 error A  node_modules/mocha/node_modules/jade/node_modules/mkdirp/test/umask_sync.js
6 error A  node_modules/mocha/node_modules/jade/package.json
6 error A  node_modules/mocha/node_modules/jade/runtime.js
6 error A  node_modules/mocha/node_modules/jade/runtime.min.js
6 error A  node_modules/mocha/node_modules/jade/test.jade
6 error A  node_modules/mocha/node_modules/jade/testing/head.jade
6 error A  node_modules/mocha/node_modules/jade/testing/index.jade
6 error A  node_modules/mocha/node_modules/jade/testing/index.js
6 error A  node_modules/mocha/node_modules/jade/testing/layout.jade
6 error A  node_modules/mocha/node_modules/jade/testing/user.jade
6 error A  node_modules/mocha/node_modules/jade/testing/user.js
6 error A  node_modules/mocha/node_modules/mkdirp/.gitignore.orig
6 error A  node_modules/mocha/node_modules/mkdirp/.gitignore.rej
6 error A  node_modules/mocha/node_modules/mkdirp/.npmignore
6 error A  node_modules/mocha/node_modules/mkdirp/.travis.yml
6 error A  node_modules/mocha/node_modules/mkdirp/LICENSE
6 error A  node_modules/mocha/node_modules/mkdirp/README.markdown
6 error A  node_modules/mocha/node_modules/mkdirp/examples/pow.js
6 error A  node_modules/mocha/node_modules/mkdirp/examples/pow.js.orig
6 error A  node_modules/mocha/node_modules/mkdirp/examples/pow.js.rej
6 error A  node_modules/mocha/node_modules/mkdirp/index.js
6 error A  node_modules/mocha/node_modules/mkdirp/package.json
6 error A  node_modules/mocha/node_modules/mkdirp/test/chmod.js
6 error A  node_modules/mocha/node_modules/mkdirp/test/clobber.js
6 error A  node_modules/mocha/node_modules/mkdirp/test/mkdirp.js
6 error A  node_modules/mocha/node_modules/mkdirp/test/perm.js
6 error A  node_modules/mocha/node_modules/mkdirp/test/perm_sync.js
6 error A  node_modules/mocha/node_modules/mkdirp/test/race.js
6 error A  node_modules/mocha/node_modules/mkdirp/test/rel.js
6 error A  node_modules/mocha/node_modules/mkdirp/test/return.js
6 error A  node_modules/mocha/node_modules/mkdirp/test/return_sync.js
6 error A  node_modules/mocha/node_modules/mkdirp/test/root.js
6 error A  node_modules/mocha/node_modules/mkdirp/test/sync.js
6 error A  node_modules/mocha/node_modules/mkdirp/test/umask.js
6 error A  node_modules/mocha/node_modules/mkdirp/test/umask_sync.js
6 error A  node_modules/mocha/node_modules/ms/.npmignore
6 error A  node_modules/mocha/node_modules/ms/History.md
6 error A  node_modules/mocha/node_modules/ms/Makefile
6 error A  node_modules/mocha/node_modules/ms/README.md
6 error A  node_modules/mocha/node_modules/ms/component.json
6 error A  node_modules/mocha/node_modules/ms/ms.js
6 error A  node_modules/mocha/node_modules/ms/package.json
6 error A  node_modules/mocha/node_modules/ms/test/index.html
6 error A  node_modules/mocha/node_modules/ms/test/support/jquery.js
6 error A  node_modules/mocha/node_modules/ms/test/test.js
6 error A  node_modules/mocha/package.json
6 error A  node_modules/mocha/test.js
6 error A  package.json
6 error M  test/spec.coffee
6 error M  test/spec.js
6 error     at /usr/local/lib/node_modules/npm/lib/version.js:82:33
6 error     at /usr/local/lib/node_modules/npm/node_modules/once/once.js:17:15
6 error     at ChildProcess.<anonymous> (/usr/local/lib/node_modules/npm/lib/utils/exec.js:64:5)
6 error     at ChildProcess.EventEmitter.emit (events.js:91:17)
6 error     at maybeClose (child_process.js:634:16)
6 error     at Socket.ChildProcess.spawn.stdin (child_process.js:805:11)
6 error     at Socket.EventEmitter.emit (events.js:88:17)
6 error     at Socket._destroy.destroyed (net.js:364:10)
6 error     at process.startup.processNextTick.process._tickCallback (node.js:244:9)
7 error If you need help, you may report this log at:
7 error     <http://github.com/isaacs/npm/issues>
7 error or email it to:
7 error     <npm-@googlegroups.com>
8 error System Darwin 12.3.0
9 error command "node" "/usr/local/bin/npm" "version" "patch" "-m" "Fixed exports for server-side usage. Fixed emulatedDocument and have it automatically used on the server-side."
10 error cwd /Users/raine/Projects/creatable
11 error node -v v0.8.4
12 error npm -v 1.2.18
13 verbose exit [ 1, true ]
